0 info it worked if it ends with ok
1 verbose cli [ '/usr/local/bin/node', '/usr/local/bin/npm', 'install', 'utf' ]
2 info using npm@1.4.28
3 info using node@v0.10.38
4 warn package.json fs@0.0.2 fs is also the name of a node core module.
5 warn package.json fs@0.0.2 No description
6 warn package.json fs@0.0.2 No repository field.
7 warn package.json fs@0.0.2 No README data
8 verbose readDependencies using package.json deps
9 verbose cache add [ 'utf@~2.1.x', null ]
10 verbose cache add name=undefined spec="utf@~2.1.x" args=["utf@~2.1.x",null]
11 verbose parsed url { protocol: null,
11 verbose parsed url   slashes: null,
11 verbose parsed url   auth: null,
11 verbose parsed url   host: null,
11 verbose parsed url   port: null,
11 verbose parsed url   hostname: null,
11 verbose parsed url   hash: null,
11 verbose parsed url   search: null,
11 verbose parsed url   query: null,
11 verbose parsed url   pathname: 'utf@~2.1.x',
11 verbose parsed url   path: 'utf@~2.1.x',
11 verbose parsed url   href: 'utf@~2.1.x' }
12 verbose cache add name="utf" spec="~2.1.x" args=["utf","~2.1.x"]
13 verbose parsed url { protocol: null,
13 verbose parsed url   slashes: null,
13 verbose parsed url   auth: null,
13 verbose parsed url   host: null,
13 verbose parsed url   port: null,
13 verbose parsed url   hostname: null,
13 verbose parsed url   hash: null,
13 verbose parsed url   search: null,
13 verbose parsed url   query: null,
13 verbose parsed url   pathname: '~2.1.x',
13 verbose parsed url   path: '~2.1.x',
13 verbose parsed url   href: '~2.1.x' }
14 verbose addNamed [ 'utf', '~2.1.x' ]
15 verbose addNamed [ null, '>=2.1.0-0 <2.2.0-0' ]
16 silly lockFile 33d644b5-utf-2-1-x utf@~2.1.x
17 verbose lock utf@~2.1.x /Users/vladimirsvedov/.npm/33d644b5-utf-2-1-x.lock
18 silly addNameRange { name: 'utf', range: '>=2.1.0-0 <2.2.0-0', hasData: false }
19 verbose request where is /utf
20 verbose request registry https://registry.npmjs.org/
21 verbose request id 27cbb5c1471bbe7d
22 verbose url raw /utf
23 verbose url resolving [ 'https://registry.npmjs.org/', './utf' ]
24 verbose url resolved https://registry.npmjs.org/utf
25 verbose request where is https://registry.npmjs.org/utf
26 info trying registry request attempt 1 at 08:05:46
27 http GET https://registry.npmjs.org/utf
28 http 404 https://registry.npmjs.org/utf
29 silly registry.get cb [ 404,
29 silly registry.get   { 'content-type': 'application/json',
29 silly registry.get     'cache-control': 'max-age=0',
29 silly registry.get     'content-length': '2',
29 silly registry.get     'accept-ranges': 'bytes',
29 silly registry.get     date: 'Thu, 17 Sep 2015 06:04:29 GMT',
29 silly registry.get     via: '1.1 varnish',
29 silly registry.get     age: '0',
29 silly registry.get     connection: 'keep-alive',
29 silly registry.get     'x-served-by': 'cache-ams4133-AMS',
29 silly registry.get     'x-cache': 'MISS',
29 silly registry.get     'x-cache-hits': '0',
29 silly registry.get     'x-timer': 'S1442469868.350966,VS0,VE671' } ]
30 silly lockFile 33d644b5-utf-2-1-x utf@~2.1.x
31 silly lockFile 33d644b5-utf-2-1-x utf@~2.1.x
32 error 404 Not Found
32 error 404
32 error 404 'utf' is not in the npm registry.
32 error 404 You should bug the author to publish it
32 error 404 It was specified as a dependency of 'node-js-getting-started'
32 error 404
32 error 404 Note that you can also install from a
32 error 404 tarball, folder, or http url, or git url.
33 error System Darwin 12.5.0
34 error command "/usr/local/bin/node" "/usr/local/bin/npm" "install" "utf"
35 error cwd /Users/vladimirsvedov/vaoh
36 error node -v v0.10.38
37 error npm -v 1.4.28
38 error code E404
39 verbose exit [ 1, true ]
